<?xml version="1.0" encoding="UTF-8"?>
<testsuite name="cloud.shadowmonarchbooks.intakeedit.RichInlineStateTest" tests="4" skipped="0" failures="0" errors="0" timestamp="2026-09-12T16:03:32.095Z" hostname="runnervmlun5p" time="0.057">
  <properties/>
  <testcase name="markupRoundTripPreservesNestedStyles" classname="cloud.shadowmonarchbooks.intakeedit.RichInlineStateTest" time="0.023"/>
  <testcase name="overlappingBoldAndItalicSerializeWithoutCrossedTags" classname="cloud.shadowmonarchbooks.intakeedit.RichInlineStateTest" time="0.002"/>
  <testcase name="pressingBoldTwiceOnSameSelectionTogglesItOff" classname="cloud.shadowmonarchbooks.intakeedit.RichInlineStateTest" time="0.001"/>
  <testcase name="typedTextInsideFormattedRangeInheritsFormatting" classname="cloud.shadowmonarchbooks.intakeedit.RichInlineStateTest" time="0.028"/>
  <system-out><![CDATA[]]></system-out>
  <system-err><![CDATA[]]></system-err>
</testsuite>
